12/06/2024 11:55:27 - INFO - SimCSE -   --------args----------
12/06/2024 11:55:27 - INFO - SimCSE -   train_file: ./data/English_train.txt
12/06/2024 11:55:27 - INFO - SimCSE -   PTM_root_path: ./PretrainedLM
12/06/2024 11:55:27 - INFO - SimCSE -   pretrained: bert-base-uncased
12/06/2024 11:55:27 - INFO - SimCSE -   num_proc: 5
12/06/2024 11:55:27 - INFO - SimCSE -   max_length: 128
12/06/2024 11:55:27 - INFO - SimCSE -   batch_size: 32
12/06/2024 11:55:27 - INFO - SimCSE -   epochs: 2
12/06/2024 11:55:27 - INFO - SimCSE -   learning_rate: 5e-06
12/06/2024 11:55:27 - INFO - SimCSE -   tau: 0.05
12/06/2024 11:55:27 - INFO - SimCSE -   display_interval: 50
12/06/2024 11:55:27 - INFO - SimCSE -   save_final: True
12/06/2024 11:55:27 - INFO - SimCSE -   pool_type: cls
12/06/2024 11:55:27 - INFO - SimCSE -   dropout_rate: 0.1
12/06/2024 11:55:27 - INFO - SimCSE -   n_gpu: 1
12/06/2024 11:55:27 - INFO - SimCSE -   data_fraction: 0.1
12/06/2024 11:55:27 - INFO - SimCSE -   --------args----------

12/06/2024 11:55:29 - INFO - SimCSE -   The size of dataset: 22
12/06/2024 11:55:41 - INFO - SimCSE -   best loss:        inf
12/06/2024 11:55:41 - INFO - SimCSE -   Save the final model!
	to./ckpts/English-final
