12/06/2024 14:15:50 - INFO - SimCSE -   --------args----------
12/06/2024 14:15:50 - INFO - SimCSE -   train_file: ./data/Chinese_train.txt
12/06/2024 14:15:50 - INFO - SimCSE -   PTM_root_path: ./PretrainedLM
12/06/2024 14:15:50 - INFO - SimCSE -   pretrained: bert-base-chinese
12/06/2024 14:15:50 - INFO - SimCSE -   num_proc: 5
12/06/2024 14:15:50 - INFO - SimCSE -   max_length: 256
12/06/2024 14:15:50 - INFO - SimCSE -   batch_size: 32
12/06/2024 14:15:50 - INFO - SimCSE -   epochs: 2
12/06/2024 14:15:50 - INFO - SimCSE -   learning_rate: 5e-06
12/06/2024 14:15:50 - INFO - SimCSE -   tau: 0.05
12/06/2024 14:15:50 - INFO - SimCSE -   display_interval: 50
12/06/2024 14:15:50 - INFO - SimCSE -   save_final: True
12/06/2024 14:15:50 - INFO - SimCSE -   pool_type: cls
12/06/2024 14:15:50 - INFO - SimCSE -   dropout_rate: 0.3
12/06/2024 14:15:50 - INFO - SimCSE -   n_gpu: 1
12/06/2024 14:15:50 - INFO - SimCSE -   data_fraction: 1.0
12/06/2024 14:15:50 - INFO - SimCSE -   --------args----------

12/06/2024 14:15:54 - INFO - SimCSE -   --------args----------
12/06/2024 14:15:54 - INFO - SimCSE -   train_file: ./data/English_train.txt
12/06/2024 14:15:54 - INFO - SimCSE -   PTM_root_path: ./PretrainedLM
12/06/2024 14:15:54 - INFO - SimCSE -   pretrained: bert-base-uncased
12/06/2024 14:15:54 - INFO - SimCSE -   num_proc: 5
12/06/2024 14:15:54 - INFO - SimCSE -   max_length: 128
12/06/2024 14:15:54 - INFO - SimCSE -   batch_size: 32
12/06/2024 14:15:54 - INFO - SimCSE -   epochs: 2
12/06/2024 14:15:54 - INFO - SimCSE -   learning_rate: 5e-06
12/06/2024 14:15:54 - INFO - SimCSE -   tau: 0.05
12/06/2024 14:15:54 - INFO - SimCSE -   display_interval: 50
12/06/2024 14:15:54 - INFO - SimCSE -   save_final: True
12/06/2024 14:15:54 - INFO - SimCSE -   pool_type: cls
12/06/2024 14:15:54 - INFO - SimCSE -   dropout_rate: 0.1
12/06/2024 14:15:54 - INFO - SimCSE -   n_gpu: 1
12/06/2024 14:15:54 - INFO - SimCSE -   data_fraction: 1.0
12/06/2024 14:15:54 - INFO - SimCSE -   --------args----------

